<?xml version="1.0" encoding="UTF-8"?>
<testng-results skipped="0" failed="1" ignored="1" total="3" passed="1">
  <reporter-output>
  </reporter-output>
  <suite name="Selenium_Automation" duration-ms="23940" started-at="2019-07-07T11:45:43Z" finished-at="2019-07-07T11:46:07Z">
    <groups>
      <group name="regression">
        <method signature="Login.cartverification()[pri:2, instance:admin.Login@6a5fc7f7]" name="cartverification" class="admin.Login"/>
        <method signature="Login.searchFunctionality()[pri:1, instance:admin.Login@6a5fc7f7]" name="searchFunctionality" class="admin.Login"/>
      </group> <!-- regression -->
      <group name="smoke">
        <method signature="Login.searchFunctionality()[pri:1, instance:admin.Login@6a5fc7f7]" name="searchFunctionality" class="admin.Login"/>
      </group> <!-- smoke -->
    </groups>
    <test name="Admin" duration-ms="23940" started-at="2019-07-07T11:45:43Z" finished-at="2019-07-07T11:46:07Z">
      <class name="admin.Login">
        <test-method status="PASS" signature="beforeSuite(java.lang.String)[pri:0, instance:admin.Login@6a5fc7f7]" name="beforeSuite" is-config="true" duration-ms="4020" started-at="2019-07-07T17:15:39Z" finished-at="2019-07-07T17:15:43Z">
          <params>
            <param index="0">
              <value>
                <![CDATA[chrome]]>
              </value>
            </param>
          </params>
          <reporter-output>
          </reporter-output>
        </test-method> <!-- beforeSuite -->
        <test-method status="PASS" signature="beforeTest(java.lang.String)[pri:0, instance:admin.Login@6a5fc7f7]" name="beforeTest" is-config="true" duration-ms="7509" started-at="2019-07-07T17:15:43Z" finished-at="2019-07-07T17:15:51Z">
          <params>
            <param index="0">
              <value>
                <![CDATA[http://demo.opencart.com]]>
              </value>
            </param>
          </params>
          <reporter-output>
          </reporter-output>
        </test-method> <!-- beforeTest -->
        <test-method status="PASS" signature="searchFunctionality()[pri:1, instance:admin.Login@6a5fc7f7]" name="searchFunctionality" duration-ms="2653" started-at="2019-07-07T17:15:51Z" finished-at="2019-07-07T17:15:53Z">
          <reporter-output>
          </reporter-output>
        </test-method> <!-- searchFunctionality -->
        <test-method status="FAIL" signature="cartverification()[pri:2, instance:admin.Login@6a5fc7f7]" name="cartverification" duration-ms="13743" started-at="2019-07-07T17:15:53Z" finished-at="2019-07-07T17:16:07Z">
          <exception class="java.lang.AssertionError">
            <message>
              <![CDATA[expected [phone] but found [iphone]]]>
            </message>
            <full-stacktrace>
              <![CDATA[java.lang.AssertionError: expected [phone] but found [iphone]
	at org.testng.Assert.fail(Assert.java:94)
	at org.testng.Assert.failNotEquals(Assert.java:513)
	at org.testng.Assert.assertEqualsImpl(Assert.java:135)
	at org.testng.Assert.assertEquals(Assert.java:116)
	at org.testng.Assert.assertEquals(Assert.java:190)
	at org.testng.Assert.assertEquals(Assert.java:200)
	at admin.Login.cartverification(Login.java:76)
	at sun.reflect.NativeMethodAccessorImpl.invoke0(Native Method)
	at sun.reflect.NativeMethodAccessorImpl.invoke(NativeMethodAccessorImpl.java:62)
	at sun.reflect.DelegatingMethodAccessorImpl.invoke(DelegatingMethodAccessorImpl.java:43)
	at java.lang.reflect.Method.invoke(Method.java:497)
	at org.testng.internal.MethodInvocationHelper.invokeMethod(MethodInvocationHelper.java:104)
	at org.testng.internal.Invoker.invokeMethod(Invoker.java:645)
	at org.testng.internal.Invoker.invokeTestMethod(Invoker.java:851)
	at org.testng.internal.Invoker.invokeTestMethods(Invoker.java:1177)
	at org.testng.internal.TestMethodWorker.invokeTestMethods(TestMethodWorker.java:129)
	at org.testng.internal.TestMethodWorker.run(TestMethodWorker.java:112)
	at org.testng.TestRunner.privateRun(TestRunner.java:756)
	at org.testng.TestRunner.run(TestRunner.java:610)
	at org.testng.SuiteRunner.runTest(SuiteRunner.java:387)
	at org.testng.SuiteRunner.runSequentially(SuiteRunner.java:382)
	at org.testng.SuiteRunner.privateRun(SuiteRunner.java:340)
	at org.testng.SuiteRunner.run(SuiteRunner.java:289)
	at org.testng.SuiteRunnerWorker.runSuite(SuiteRunnerWorker.java:52)
	at org.testng.SuiteRunnerWorker.run(SuiteRunnerWorker.java:86)
	at org.testng.TestNG.runSuitesSequentially(TestNG.java:1293)
	at org.testng.TestNG.runSuitesLocally(TestNG.java:1218)
	at org.testng.TestNG.runSuites(TestNG.java:1133)
	at org.testng.TestNG.run(TestNG.java:1104)
	at org.apache.maven.surefire.testng.TestNGExecutor.run(TestNGExecutor.java:178)
	at org.apache.maven.surefire.testng.TestNGXmlTestSuite.execute(TestNGXmlTestSuite.java:92)
	at org.apache.maven.surefire.testng.TestNGProvider.invoke(TestNGProvider.java:96)
	at sun.reflect.NativeMethodAccessorImpl.invoke0(Native Method)
	at sun.reflect.NativeMethodAccessorImpl.invoke(NativeMethodAccessorImpl.java:62)
	at sun.reflect.DelegatingMethodAccessorImpl.invoke(DelegatingMethodAccessorImpl.java:43)
	at java.lang.reflect.Method.invoke(Method.java:497)
	at org.apache.maven.surefire.util.ReflectionUtils.invokeMethodWithArray2(ReflectionUtils.java:208)
	at org.apache.maven.surefire.booter.ProviderFactory$ProviderProxy.invoke(ProviderFactory.java:159)
	at org.apache.maven.surefire.booter.ProviderFactory.invokeProvider(ProviderFactory.java:87)
	at org.apache.maven.surefire.booter.ForkedBooter.runSuitesInProcess(ForkedBooter.java:153)
	at org.apache.maven.surefire.booter.ForkedBooter.main(ForkedBooter.java:95)
]]>
            </full-stacktrace>
          </exception> <!-- java.lang.AssertionError -->
          <reporter-output>
          </reporter-output>
        </test-method> <!-- cartverification -->
        <test-method status="PASS" signature="afterSuite()[pri:0, instance:admin.Login@6a5fc7f7]" name="afterSuite" is-config="true" duration-ms="853" started-at="2019-07-07T17:16:07Z" finished-at="2019-07-07T17:16:08Z">
          <reporter-output>
          </reporter-output>
        </test-method> <!-- afterSuite -->
      </class> <!-- admin.Login -->
    </test> <!-- Admin -->
  </suite> <!-- Selenium_Automation -->
</testng-results>
